#
# A fatal error has been detected by the Java Runtime Environment:
#
#  SIGSEGV (0xb) at pc=0x000000010c492de8, pid=17090, tid=18691
#
# JRE version: Java(TM) SE Runtime Environment (7.0_45-b18) (build 1.7.0_45-b18)
# Java VM: Java HotSpot(TM) 64-Bit Server VM (24.45-b08 mixed mode bsd-amd64 compressed oops)
# Problematic frame:
# V  [libjvm.dylib+0x2adde8]
#
# Failed to write core dump. Core dumps have been disabled. To enable core dumping, try "ulimit -c unlimited" before starting Java again
#
# If you would like to submit a bug report, please visit:
#   http://bugreport.sun.com/bugreport/crash.jsp
#

---------------  T H R E A D  ---------------

Current thread (0x00007fe42b810800):  JavaThread "JDWP Transport Listener: dt_socket" daemon [_thread_in_vm, id=18691, stack(0x000000011eb04000,0x000000011ec04000)]

siginfo:si_signo=SIGSEGV: si_errno=0, si_code=1 (SEGV_MAPERR), si_addr=0x000000000000000c

Registers:
RAX=0x0000000000000000, RBX=0x00000007af598000, RCX=0x000000000000000c, RDX=0x0000000000000000
RSP=0x000000011ec03a10, RBP=0x000000011ec03a10, RSI=0x00007fe42a31bb68, RDI=0x00000007af598000
R8 =0x0000000000000000, R9 =0x00000000ffffe000, R10=0x0000000000000019, R11=0xffff801cf5eead10
R12=0x00007fe42b810800, R13=0x00007fe428d18c90, R14=0x0000000000000000, R15=0x0000000000000000
RIP=0x000000010c492de8, EFLAGS=0x0000000000010202, ERR=0x0000000000000004
  TRAPNO=0x000000000000000e

Top of Stack: (sp=0x000000011ec03a10)
0x000000011ec03a10:   000000011ec03a40 000000010c4c259a
0x000000011ec03a20:   0000000000000000 0000000000000000
0x000000011ec03a30:   00000007af598000 00007fe42b8109e8
0x000000011ec03a40:   000000011ec03ab0 000000010c4e9e48
0x000000011ec03a50:   00007fe42b810800 00007fe42b810800
0x000000011ec03a60:   0000000000000000 0000000000000000
0x000000011ec03a70:   00007fe42b8109e8 00007fe42b810800
0x000000011ec03a80:   00007fe42b810800 000000011ec03b08
0x000000011ec03a90:   00007fe42a31bb68 00007fe428d18c90
0x000000011ec03aa0:   000000011ec03c90 00007fe42b8109e8
0x000000011ec03ab0:   000000011ec03ae0 000000010cd9752e
0x000000011ec03ac0:   000000011ec03c90 000000010cdb7dc0
0x000000011ec03ad0:   000000011ec03b08 000000010cdc3578
0x000000011ec03ae0:   000000011ec03d00 000000010cd9e6b2
0x000000011ec03af0:   0000059b00000013 0000000000010a00
0x000000011ec03b00:   00007fe428d18d60 000000011ec03b58
0x000000011ec03b10:   00007fe40000012c 000000011ec03b20
0x000000011ec03b20:   00007fe400000000 000000011ec03b58
0x000000011ec03b30:   0000000000000000 00007f0000000000
0x000000011ec03b40:   0000059b00000027 00007fff0000c080
0x000000011ec03b50:   000000011ec03b58 0000000003000000
0x000000011ec03b60:   0000000026000000 0000000047000000
0x000000011ec03b70:   0000000048000000 0000000000120000
0x000000011ec03b80:   6804000000420000 4901000000687361
0x000000011ec03b90:   0200000000000000 1031132ae47f0000
0x000000011ec03ba0:   6972657310000000 6f69737265566c61
0x000000011ec03bb0:   010000004449556e 000000000000004a
0x000000011ec03bc0:   b1162ae47f00001a 72657316000000c0
0x000000011ec03bd0:   69737265506c6169 656946746e657473
0x000000011ec03be0:   5b1c00000073646c 6f692f6176616a4c
0x000000011ec03bf0:   537463656a624f2f 6569466d61657274
0x000000011ec03c00:   00000000003b646c 2ae47f00001a0000 

Instructions: (pc=0x000000010c492de8)
0x000000010c492dc8:   eb 16 48 8d 35 ef 27 4c 00 8a 4e 08 48 d3 e2 48
0x000000010c492dd8:   03 16 eb 04 48 8b 14 0f 84 c0 0f 94 c0 0f b6 c0
0x000000010c492de8:   8b 44 82 0c 5d c3 8b 04 07 5d c3 90 55 48 89 e5
0x000000010c492df8:   f6 87 8d 00 00 00 02 75 04 31 ff eb 23 48 63 87 

Register to memory mapping:

RAX=0x0000000000000000 is an unknown value
RBX=0x00000007af598000 is an oop
java.lang.String 
 - klass: 'java/lang/String'
RCX=0x000000000000000c is an unknown value
RDX=0x0000000000000000 is an unknown value
RSP=0x000000011ec03a10 is pointing into the stack for thread: 0x00007fe42b810800
RBP=0x000000011ec03a10 is pointing into the stack for thread: 0x00007fe42b810800
RSI=0x00007fe42a31bb68 is a global jni handle
RDI=0x00000007af598000 is an oop
java.lang.String 
 - klass: 'java/lang/String'
R8 =0x0000000000000000 is an unknown value
R9 =0x00000000ffffe000 is an unknown value
R10=0x0000000000000019 is an unknown value
R11=0xffff801cf5eead10 is an unknown value
R12=0x00007fe42b810800 is a thread
R13=0x00007fe428d18c90 is an unknown value
R14=0x0000000000000000 is an unknown value
R15=0x0000000000000000 is an unknown value


Stack: [0x000000011eb04000,0x000000011ec04000],  sp=0x000000011ec03a10,  free space=1022k
Native frames: (J=compiled Java code, j=interpreted, Vv=VM code, C=native code)
V  [libjvm.dylib+0x2adde8]
V  [libjvm.dylib+0x2dd59a]
V  [libjvm.dylib+0x304e48]
C  [libjdwp.dylib+0x752e]  value+0x96
C  [libjdwp.dylib+0xe6b2]  debugLoop_run+0x1ce
C  [libjdwp.dylib+0x1f132]  attachThread+0x4d
V  [libjvm.dylib+0x37417e]
V  [libjvm.dylib+0x4efb47]
V  [libjvm.dylib+0x4f124f]
V  [libjvm.dylib+0x41b1c6]
C  [libsystem_pthread.dylib+0x32fc]  _pthread_body+0x83
C  [libsystem_pthread.dylib+0x3279]  _pthread_body+0x0
C  [libsystem_pthread.dylib+0x14b1]  thread_start+0xd


---------------  P R O C E S S  ---------------

Java Threads: ( => current thread )
  0x00007fe42d081000 JavaThread "DestroyJavaVM" [_thread_blocked, id=4867, stack(0x000000010cc50000,0x000000010cd50000)]
  0x00007fe42c11e800 JavaThread "Thread-2" [_thread_blocked, id=61699, stack(0x0000000128102000,0x0000000128202000)]
  0x00007fe42b827800 JavaThread "PokerServer" [_thread_blocked, id=61195, stack(0x0000000127fff000,0x00000001280ff000)]
  0x00007fe42c11c000 JavaThread "Thread-1" [_thread_in_native, id=60947, stack(0x0000000127dfa000,0x0000000127efa000)]
  0x00007fe42c8d9800 JavaThread "AWT-EventQueue-0" [_thread_blocked, id=59411, stack(0x0000000125d54000,0x0000000125e54000)]
  0x00007fe42d038000 JavaThread "Java2D Disposer" daemon [_thread_blocked, id=55307, stack(0x000000012420a000,0x000000012430a000)]
  0x00007fe42c885800 JavaThread "Java2D Queue Flusher" daemon [_thread_blocked, id=27931, stack(0x000000012345f000,0x000000012355f000)]
  0x00007fe42a810800 JavaThread "AWT-Shutdown" [_thread_blocked, id=31251, stack(0x00000001208d2000,0x00000001209d2000)]
  0x00007fe42b811800 JavaThread "AppKit Thread" daemon [_thread_in_native, id=1299, stack(0x00007fff53a99000,0x00007fff53b19000)]
  0x00007fe42c83d800 JavaThread "Service Thread" daemon [_thread_blocked, id=21251, stack(0x000000011f013000,0x000000011f113000)]
  0x00007fe42b002000 JavaThread "C2 CompilerThread1" daemon [_thread_blocked, id=20739, stack(0x000000011ef10000,0x000000011f010000)]
  0x00007fe42d00f000 JavaThread "C2 CompilerThread0" daemon [_thread_blocked, id=20227, stack(0x000000011ee0d000,0x000000011ef0d000)]
  0x00007fe42b80d800 JavaThread "JDWP Command Reader" daemon [_thread_in_native, id=19715, stack(0x000000011ed0a000,0x000000011ee0a000)]
  0x00007fe42b80d000 JavaThread "JDWP Event Helper Thread" daemon [_thread_blocked, id=19203, stack(0x000000011ec07000,0x000000011ed07000)]
=>0x00007fe42b810800 JavaThread "JDWP Transport Listener: dt_socket" daemon [_thread_in_vm, id=18691, stack(0x000000011eb04000,0x000000011ec04000)]
  0x00007fe42c83c000 JavaThread "Signal Dispatcher" daemon [_thread_blocked, id=15379, stack(0x000000011e9fb000,0x000000011eafb000)]
  0x00007fe42c836800 JavaThread "Finalizer" daemon [_thread_blocked, id=13571, stack(0x000000011d0c8000,0x000000011d1c8000)]
  0x00007fe429807000 JavaThread "Reference Handler" daemon [_thread_blocked, id=13059, stack(0x000000011cfc5000,0x000000011d0c5000)]

Other Threads:
  0x00007fe429014800 VMThread [stack: 0x000000011cec2000,0x000000011cfc2000] [id=12547]
  0x00007fe42c00c000 WatcherThread [stack: 0x000000011f116000,0x000000011f216000] [id=21763]

VM state:not at safepoint (normal execution)

VM Mutex/Monitor currently owned by a thread: None

Heap
 PSYoungGen      total 76800K, used 11307K [0x00000007aaa80000, 0x00000007b0000000, 0x0000000800000000)
  eden space 66048K, 2% used [0x00000007aaa80000,0x00000007aabec170,0x00000007aeb00000)
  from space 10752K, 91% used [0x00000007af580000,0x00000007aff1ecf0,0x00000007b0000000)
  to   space 10752K, 0% used [0x00000007aeb00000,0x00000007aeb00000,0x00000007af580000)
 ParOldGen       total 174592K, used 16K [0x0000000700000000, 0x000000070aa80000, 0x00000007aaa80000)
  object space 174592K, 0% used [0x0000000700000000,0x0000000700004000,0x000000070aa80000)
 PSPermGen       total 21504K, used 8837K [0x00000006fae00000, 0x00000006fc300000, 0x0000000700000000)
  object space 21504K, 41% used [0x00000006fae00000,0x00000006fb6a1600,0x00000006fc300000)

Card table byte_map: [0x0000000110ec0000,0x00000001116ea000] byte_map_base: 0x000000010d6e9000

Polling page: 0x000000010cd8f000

Code Cache  [0x000000010de00000, 0x000000010e070000, 0x0000000110e00000)
 total_blobs=508 nmethods=104 adapters=367 free_code_cache=48294Kb largest_free_block=49412800

Compilation events (10 events):
Event: 46.426 Thread 0x00007fe42b002000   99   !         java.util.concurrent.ConcurrentHashMap::size (214 bytes)
Event: 46.433 Thread 0x00007fe42b002000 nmethod 99 0x000000010dec3b90 code [0x000000010dec3d40, 0x000000010dec42b0]
Event: 49.337 Thread 0x00007fe42d00f000  100             sun.java2d.pipe.RenderBuffer::putDouble (26 bytes)
Event: 49.337 Thread 0x00007fe42d00f000 nmethod 100 0x000000010decde10 code [0x000000010decdf60, 0x000000010dece038]
Event: 49.955 Thread 0x00007fe42b002000  102             sun.java2d.SurfaceData::isValid (5 bytes)
Event: 49.955 Thread 0x00007fe42b002000 nmethod 102 0x000000010dec3990 code [0x000000010dec3ac0, 0x000000010dec3b18]
Event: 51.938 Thread 0x00007fe42d00f000  103             sun.java2d.SurfaceData::isSurfaceLost (5 bytes)
Event: 51.938 Thread 0x00007fe42d00f000 nmethod 103 0x000000010decdc10 code [0x000000010decdd40, 0x000000010decdd98]
Event: 53.167 Thread 0x00007fe42b002000  104             sun.java2d.loops.ProcessPath$FillData::isEmpty (18 bytes)
Event: 53.168 Thread 0x00007fe42b002000 nmethod 104 0x000000010ded4d10 code [0x000000010ded4e60, 0x000000010ded5118]

GC Heap History (8 events):
Event: 12.537 GC heap before
{Heap before GC invocations=1 (full 0):
 PSYoungGen      total 76800K, used 66048K [0x00000007aaa80000, 0x00000007b0000000, 0x0000000800000000)
  eden space 66048K, 100% used [0x00000007aaa80000,0x00000007aeb00000,0x00000007aeb00000)
  from space 10752K, 0% used [0x00000007af580000,0x00000007af580000,0x00000007b0000000)
  to   space 10752K, 0% used [0x00000007aeb00000,0x00000007aeb00000,0x00000007af580000)
 ParOldGen       total 174592K, used 0K [0x0000000700000000, 0x000000070aa80000, 0x00000007aaa80000)
  object space 174592K, 0% used [0x0000000700000000,0x0000000700000000,0x000000070aa80000)
 PSPermGen       total 21504K, used 8814K [0x00000006fae00000, 0x00000006fc300000, 0x0000000700000000)
  object space 21504K, 40% used [0x00000006fae00000,0x00000006fb69b858,0x00000006fc300000)
Event: 12.543 GC heap after
Heap after GC invocations=1 (full 0):
 PSYoungGen      total 76800K, used 10075K [0x00000007aaa80000, 0x00000007b0000000, 0x0000000800000000)
  eden space 66048K, 0% used [0x00000007aaa80000,0x00000007aaa80000,0x00000007aeb00000)
  from space 10752K, 93% used [0x00000007aeb00000,0x00000007af4d6cf0,0x00000007af580000)
  to   space 10752K, 0% used [0x00000007af580000,0x00000007af580000,0x00000007b0000000)
 ParOldGen       total 174592K, used 8K [0x0000000700000000, 0x000000070aa80000, 0x00000007aaa80000)
  object space 174592K, 0% used [0x0000000700000000,0x0000000700002000,0x000000070aa80000)
 PSPermGen       total 21504K, used 8814K [0x00000006fae00000, 0x00000006fc300000, 0x0000000700000000)
  object space 21504K, 40% used [0x00000006fae00000,0x00000006fb69b858,0x00000006fc300000)
}
Event: 24.325 GC heap before
{Heap before GC invocations=2 (full 0):
 PSYoungGen      total 76800K, used 76123K [0x00000007aaa80000, 0x00000007b0000000, 0x0000000800000000)
  eden space 66048K, 100% used [0x00000007aaa80000,0x00000007aeb00000,0x00000007aeb00000)
  from space 10752K, 93% used [0x00000007aeb00000,0x00000007af4d6cf0,0x00000007af580000)
  to   space 10752K, 0% used [0x00000007af580000,0x00000007af580000,0x00000007b0000000)
 ParOldGen       total 174592K, used 8K [0x0000000700000000, 0x000000070aa80000, 0x00000007aaa80000)
  object space 174592K, 0% used [0x0000000700000000,0x0000000700002000,0x000000070aa80000)
 PSPermGen       total 21504K, used 8825K [0x00000006fae00000, 0x00000006fc300000, 0x0000000700000000)
  object space 21504K, 41% used [0x00000006fae00000,0x00000006fb69e5d0,0x00000006fc300000)
Event: 24.332 GC heap after
Heap after GC invocations=2 (full 0):
 PSYoungGen      total 76800K, used 9915K [0x00000007aaa80000, 0x00000007b0000000, 0x0000000800000000)
  eden space 66048K, 0% used [0x00000007aaa80000,0x00000007aaa80000,0x00000007aeb00000)
  from space 10752K, 92% used [0x00000007af580000,0x00000007aff2ecf0,0x00000007b0000000)
  to   space 10752K, 0% used [0x00000007aeb00000,0x00000007aeb00000,0x00000007af580000)
 ParOldGen       total 174592K, used 16K [0x0000000700000000, 0x000000070aa80000, 0x00000007aaa80000)
  object space 174592K, 0% used [0x0000000700000000,0x0000000700004000,0x000000070aa80000)
 PSPermGen       total 21504K, used 8825K [0x00000006fae00000, 0x00000006fc300000, 0x0000000700000000)
  object space 21504K, 41% used [0x00000006fae00000,0x00000006fb69e5d0,0x00000006fc300000)
}
Event: 36.342 GC heap before
{Heap before GC invocations=3 (full 0):
 PSYoungGen      total 76800K, used 75963K [0x00000007aaa80000, 0x00000007b0000000, 0x0000000800000000)
  eden space 66048K, 100% used [0x00000007aaa80000,0x00000007aeb00000,0x00000007aeb00000)
  from space 10752K, 92% used [0x00000007af580000,0x00000007aff2ecf0,0x00000007b0000000)
  to   space 10752K, 0% used [0x00000007aeb00000,0x00000007aeb00000,0x00000007af580000)
 ParOldGen       total 174592K, used 16K [0x0000000700000000, 0x000000070aa80000, 0x00000007aaa80000)
  object space 174592K, 0% used [0x0000000700000000,0x0000000700004000,0x000000070aa80000)
 PSPermGen       total 21504K, used 8833K [0x00000006fae00000, 0x00000006fc300000, 0x0000000700000000)
  object space 21504K, 41% used [0x00000006fae00000,0x00000006fb6a07d0,0x00000006fc300000)
Event: 36.345 GC heap after
Heap after GC invocations=3 (full 0):
 PSYoungGen      total 76800K, used 9867K [0x00000007aaa80000, 0x00000007b0000000, 0x0000000800000000)
  eden space 66048K, 0% used [0x00000007aaa80000,0x00000007aaa80000,0x00000007aeb00000)
  from space 10752K, 91% used [0x00000007aeb00000,0x00000007af4a2ce0,0x00000007af580000)
  to   space 10752K, 0% used [0x00000007af580000,0x00000007af580000,0x00000007b0000000)
 ParOldGen       total 174592K, used 16K [0x0000000700000000, 0x000000070aa80000, 0x00000007aaa80000)
  object space 174592K, 0% used [0x0000000700000000,0x0000000700004000,0x000000070aa80000)
 PSPermGen       total 21504K, used 8833K [0x00000006fae00000, 0x00000006fc300000, 0x0000000700000000)
  object space 21504K, 41% used [0x00000006fae00000,0x00000006fb6a07d0,0x00000006fc300000)
}
Event: 54.273 GC heap before
{Heap before GC invocations=4 (full 0):
 PSYoungGen      total 76800K, used 75915K [0x00000007aaa80000, 0x00000007b0000000, 0x0000000800000000)
  eden space 66048K, 100% used [0x00000007aaa80000,0x00000007aeb00000,0x00000007aeb00000)
  from space 10752K, 91% used [0x00000007aeb00000,0x00000007af4a2ce0,0x00000007af580000)
  to   space 10752K, 0% used [0x00000007af580000,0x00000007af580000,0x00000007b0000000)
 ParOldGen       total 174592K, used 16K [0x0000000700000000, 0x000000070aa80000, 0x00000007aaa80000)
  object space 174592K, 0% used [0x0000000700000000,0x0000000700004000,0x000000070aa80000)
 PSPermGen       total 21504K, used 8837K [0x00000006fae00000, 0x00000006fc300000, 0x0000000700000000)
  object space 21504K, 41% used [0x00000006fae00000,0x00000006fb6a1600,0x00000006fc300000)
Event: 54.277 GC heap after
Heap after GC invocations=4 (full 0):
 PSYoungGen      total 76800K, used 9851K [0x00000007aaa80000, 0x00000007b0000000, 0x0000000800000000)
  eden space 66048K, 0% used [0x00000007aaa80000,0x00000007aaa80000,0x00000007aeb00000)
  from space 10752K, 91% used [0x00000007af580000,0x00000007aff1ecf0,0x00000007b0000000)
  to   space 10752K, 0% used [0x00000007aeb00000,0x00000007aeb00000,0x00000007af580000)
 ParOldGen       total 174592K, used 16K [0x0000000700000000, 0x000000070aa80000, 0x00000007aaa80000)
  object space 174592K, 0% used [0x0000000700000000,0x0000000700004000,0x000000070aa80000)
 PSPermGen       total 21504K, used 8837K [0x00000006fae00000, 0x00000006fc300000, 0x0000000700000000)
  object space 21504K, 41% used [0x00000006fae00000,0x00000006fb6a1600,0x00000006fc300000)
}

Deoptimization events (0 events):
No events

Internal exceptions (10 events):
Event: 0.595 Thread 0x00007fe429005000 Threw 0x00000007aafca7e0 at /HUDSON/workspace/7u-2-build-macosx-x86_64/jdk7u45/229/hotspot/src/share/vm/prims/jvm.cpp:1244
Event: 0.607 Thread 0x00007fe429005000 Threw 0x00000007aafe8768 at /HUDSON/workspace/7u-2-build-macosx-x86_64/jdk7u45/229/hotspot/src/share/vm/prims/jvm.cpp:1244
Event: 0.608 Thread 0x00007fe429005000 Threw 0x00000007aafed290 at /HUDSON/workspace/7u-2-build-macosx-x86_64/jdk7u45/229/hotspot/src/share/vm/prims/jvm.cpp:1244
Event: 0.609 Thread 0x00007fe429005000 Threw 0x00000007aaff0370 at /HUDSON/workspace/7u-2-build-macosx-x86_64/jdk7u45/229/hotspot/src/share/vm/prims/jvm.cpp:1244
Event: 0.609 Thread 0x00007fe429005000 Threw 0x00000007aaff5980 at /HUDSON/workspace/7u-2-build-macosx-x86_64/jdk7u45/229/hotspot/src/share/vm/prims/jvm.cpp:1244
Event: 0.633 Thread 0x00007fe42c11e800 Threw 0x00000007ab890948 at /HUDSON/workspace/7u-2-build-macosx-x86_64/jdk7u45/229/hotspot/src/share/vm/prims/jvm.cpp:1244
Event: 0.640 Thread 0x00007fe42c11e800 Threw 0x00000007ab8983e8 at /HUDSON/workspace/7u-2-build-macosx-x86_64/jdk7u45/229/hotspot/src/share/vm/prims/jvm.cpp:1244
Event: 3.336 Thread 0x00007fe42b827800 Threw 0x00000007ab5fd728 at /HUDSON/workspace/7u-2-build-macosx-x86_64/jdk7u45/229/hotspot/src/share/vm/prims/jvm.cpp:1244
Event: 3.337 Thread 0x00007fe42b827800 Threw 0x00000007ab600900 at /HUDSON/workspace/7u-2-build-macosx-x86_64/jdk7u45/229/hotspot/src/share/vm/prims/jvm.cpp:1244
Event: 3.337 Thread 0x00007fe42b827800 Threw 0x00000007ab604478 at /HUDSON/workspace/7u-2-build-macosx-x86_64/jdk7u45/229/hotspot/src/share/vm/prims/jvm.cpp:1244

Events (10 events):
Event: 54.273 Executing VM operation: ParallelGCFailedAllocation
Event: 54.277 Executing VM operation: ParallelGCFailedAllocation done
Event: 54.481 Executing VM operation: EnterInterpOnlyMode
Event: 54.482 Executing VM operation: EnterInterpOnlyMode done
Event: 54.482 Executing VM operation: GetCurrentLocation
Event: 54.482 Executing VM operation: GetCurrentLocation done
Event: 54.482 Executing VM operation: ChangeSingleStep
Event: 54.482 Executing VM operation: ChangeSingleStep done
Event: 54.484 Executing VM operation: ChangeSingleStep
Event: 54.484 Executing VM operation: ChangeSingleStep done


Dynamic libraries:
0x0000000003f8b000 	/System/Library/Frameworks/Cocoa.framework/Versions/A/Cocoa
0x0000000003f8b000 	/System/Library/Frameworks/Security.framework/Versions/A/Security
0x0000000003f8b000 	/System/Library/Frameworks/ApplicationServices.framework/Versions/A/ApplicationServices
0x0000000003f8b000 	/usr/lib/libz.1.dylib
0x0000000003f8b000 	/usr/lib/libSystem.B.dylib
0x0000000003f8b000 	/usr/lib/libobjc.A.dylib
0x0000000003f8b000 	/System/Library/Frameworks/CoreFoundation.framework/Versions/A/CoreFoundation
0x0000000003f8b000 	/System/Library/Frameworks/Foundation.framework/Versions/C/Foundation
0x0000000003f8b000 	/System/Library/Frameworks/AppKit.framework/Versions/C/AppKit
0x0000000003f8b000 	/System/Library/Frameworks/CoreData.framework/Versions/A/CoreData
0x0000000003f8b000 	/System/Library/PrivateFrameworks/RemoteViewServices.framework/Versions/A/RemoteViewServices
0x0000000003f8b000 	/System/Library/PrivateFrameworks/UIFoundation.framework/Versions/A/UIFoundation
0x0000000003f8b000 	/System/Library/Frameworks/IOSurface.framework/Versions/A/IOSurface
0x0000000003f8b000 	/System/Library/Frameworks/AudioToolbox.framework/Versions/A/AudioToolbox
0x0000000003f8b000 	/System/Library/Frameworks/AudioUnit.framework/Versions/A/AudioUnit
0x0000000003f8b000 	/System/Library/PrivateFrameworks/DataDetectorsCore.framework/Versions/A/DataDetectorsCore
0x0000000003f8b000 	/System/Library/PrivateFrameworks/DesktopServicesPriv.framework/Versions/A/DesktopServicesPriv
0x0000000003f8b000 	/System/Library/Frameworks/Carbon.framework/Versions/A/Frameworks/HIToolbox.framework/Versions/A/HIToolbox
0x0000000003f8b000 	/System/Library/Frameworks/QuartzCore.framework/Versions/A/QuartzCore
0x0000000003f8b000 	/System/Library/Frameworks/Carbon.framework/Versions/A/Frameworks/SpeechRecognition.framework/Versions/A/SpeechRecognition
0x0000000003f8b000 	/usr/lib/libauto.dylib
0x0000000003f8b000 	/usr/lib/libicucore.A.dylib
0x0000000003f8b000 	/usr/lib/libxml2.2.dylib
0x0000000003f8b000 	/System/Library/PrivateFrameworks/CoreUI.framework/Versions/A/CoreUI
0x0000000003f8b000 	/System/Library/Frameworks/CoreAudio.framework/Versions/A/CoreAudio
0x0000000003f8b000 	/System/Library/Frameworks/DiskArbitration.framework/Versions/A/DiskArbitration
0x0000000003f8b000 	/usr/lib/liblangid.dylib
0x0000000003f8b000 	/System/Library/PrivateFrameworks/MultitouchSupport.framework/Versions/A/MultitouchSupport
0x0000000003f8b000 	/System/Library/Frameworks/IOKit.framework/Versions/A/IOKit
0x0000000003f8b000 	/usr/lib/libDiagnosticMessagesClient.dylib
0x0000000003f8b000 	/System/Library/Frameworks/CoreServices.framework/Versions/A/CoreServices
0x0000000003f8b000 	/System/Library/PrivateFrameworks/PerformanceAnalysis.framework/Versions/A/PerformanceAnalysis
0x0000000003f8b000 	/System/Library/PrivateFrameworks/GenerationalStorage.framework/Versions/A/GenerationalStorage
0x0000000003f8b000 	/System/Library/Frameworks/OpenGL.framework/Versions/A/OpenGL
0x0000000003f8b000 	/System/Library/PrivateFrameworks/Sharing.framework/Versions/A/Sharing
0x0000000003f8b000 	/System/Library/Frameworks/CoreGraphics.framework/Versions/A/CoreGraphics
0x0000000003f8b000 	/System/Library/Frameworks/CoreText.framework/Versions/A/CoreText
0x0000000003f8b000 	/System/Library/Frameworks/ImageIO.framework/Versions/A/ImageIO
0x0000000003f8b000 	/usr/lib/libextension.dylib
0x0000000003f8b000 	/System/Library/PrivateFrameworks/Backup.framework/Versions/A/Backup
0x0000000003f8b000 	/usr/lib/libarchive.2.dylib
0x0000000003f8b000 	/System/Library/Frameworks/CFNetwork.framework/Versions/A/CFNetwork
0x0000000003f8b000 	/System/Library/Frameworks/SystemConfiguration.framework/Versions/A/SystemConfiguration
0x0000000003f8b000 	/usr/lib/libCRFSuite.dylib
0x0000000003f8b000 	/usr/lib/libc++.1.dylib
0x0000000003f8b000 	/usr/lib/libc++abi.dylib
0x0000000003f8b000 	/usr/lib/system/libcache.dylib
0x0000000003f8b000 	/usr/lib/system/libcommonCrypto.dylib
0x0000000003f8b000 	/usr/lib/system/libcompiler_rt.dylib
0x0000000003f8b000 	/usr/lib/system/libcopyfile.dylib
0x0000000003f8b000 	/usr/lib/system/libcorecrypto.dylib
0x0000000003f8b000 	/usr/lib/system/libdispatch.dylib
0x0000000003f8b000 	/usr/lib/system/libdyld.dylib
0x0000000003f8b000 	/usr/lib/system/libkeymgr.dylib
0x0000000003f8b000 	/usr/lib/system/liblaunch.dylib
0x0000000003f8b000 	/usr/lib/system/libmacho.dylib
0x0000000003f8b000 	/usr/lib/system/libquarantine.dylib
0x0000000003f8b000 	/usr/lib/system/libremovefile.dylib
0x0000000003f8b000 	/usr/lib/system/libsystem_asl.dylib
0x0000000003f8b000 	/usr/lib/system/libsystem_blocks.dylib
0x0000000003f8b000 	/usr/lib/system/libsystem_c.dylib
0x0000000003f8b000 	/usr/lib/system/libsystem_configuration.dylib
0x0000000003f8b000 	/usr/lib/system/libsystem_coreservices.dylib
0x0000000003f8b000 	/usr/lib/system/libsystem_coretls.dylib
0x0000000003f8b000 	/usr/lib/system/libsystem_dnssd.dylib
0x0000000003f8b000 	/usr/lib/system/libsystem_info.dylib
0x0000000003f8b000 	/usr/lib/system/libsystem_kernel.dylib
0x0000000003f8b000 	/usr/lib/system/libsystem_m.dylib
0x0000000003f8b000 	/usr/lib/system/libsystem_malloc.dylib
0x0000000003f8b000 	/usr/lib/system/libsystem_network.dylib
0x0000000003f8b000 	/usr/lib/system/libsystem_networkextension.dylib
0x0000000003f8b000 	/usr/lib/system/libsystem_notify.dylib
0x0000000003f8b000 	/usr/lib/system/libsystem_platform.dylib
0x0000000003f8b000 	/usr/lib/system/libsystem_pthread.dylib
0x0000000003f8b000 	/usr/lib/system/libsystem_sandbox.dylib
0x0000000003f8b000 	/usr/lib/system/libsystem_secinit.dylib
0x0000000003f8b000 	/usr/lib/system/libsystem_stats.dylib
0x0000000003f8b000 	/usr/lib/system/libsystem_trace.dylib
0x0000000003f8b000 	/usr/lib/system/libunc.dylib
0x0000000003f8b000 	/usr/lib/system/libunwind.dylib
0x0000000003f8b000 	/usr/lib/system/libxpc.dylib
0x0000000003f8b000 	/usr/lib/libbz2.1.0.dylib
0x0000000003f8b000 	/usr/lib/liblzma.5.dylib
0x0000000003f8b000 	/usr/lib/libbsm.0.dylib
0x0000000003f8b000 	/usr/lib/libsqlite3.dylib
0x0000000003f8b000 	/usr/lib/system/libkxld.dylib
0x0000000003f8b000 	/usr/lib/libxar.1.dylib
0x0000000003f8b000 	/usr/lib/libpam.2.dylib
0x0000000003f8b000 	/usr/lib/libOpenScriptingUtil.dylib
0x0000000003f8b000 	/System/Library/Frameworks/CoreServices.framework/Versions/A/Frameworks/FSEvents.framework/Versions/A/FSEvents
0x0000000003f8b000 	/System/Library/Frameworks/CoreServices.framework/Versions/A/Frameworks/CarbonCore.framework/Versions/A/CarbonCore
0x0000000003f8b000 	/System/Library/Frameworks/CoreServices.framework/Versions/A/Frameworks/Metadata.framework/Versions/A/Metadata
0x0000000003f8b000 	/System/Library/Frameworks/CoreServices.framework/Versions/A/Frameworks/OSServices.framework/Versions/A/OSServices
0x0000000003f8b000 	/System/Library/Frameworks/CoreServices.framework/Versions/A/Frameworks/SearchKit.framework/Versions/A/SearchKit
0x0000000003f8b000 	/System/Library/Frameworks/CoreServices.framework/Versions/A/Frameworks/AE.framework/Versions/A/AE
0x0000000003f8b000 	/System/Library/Frameworks/CoreServices.framework/Versions/A/Frameworks/LaunchServices.framework/Versions/A/LaunchServices
0x0000000003f8b000 	/System/Library/Frameworks/CoreServices.framework/Versions/A/Frameworks/DictionaryServices.framework/Versions/A/DictionaryServices
0x0000000003f8b000 	/System/Library/Frameworks/NetFS.framework/Versions/A/NetFS
0x0000000003f8b000 	/System/Library/PrivateFrameworks/NetAuth.framework/Versions/A/NetAuth
0x0000000003f8b000 	/System/Library/PrivateFrameworks/login.framework/Versions/A/Frameworks/loginsupport.framework/Versions/A/loginsupport
0x0000000003f8b000 	/System/Library/PrivateFrameworks/TCC.framework/Versions/A/TCC
0x0000000003f8b000 	/usr/lib/libmecabra.dylib
0x0000000003f8b000 	/System/Library/PrivateFrameworks/LanguageModeling.framework/Versions/A/LanguageModeling
0x0000000003f8b000 	/usr/lib/libcmph.dylib
0x0000000003f8b000 	/usr/lib/libiconv.2.dylib
0x0000000003f8b000 	/System/Library/Frameworks/OpenDirectory.framework/Versions/A/Frameworks/CFOpenDirectory.framework/Versions/A/CFOpenDirectory
0x0000000003f8b000 	/System/Library/Frameworks/ServiceManagement.framework/Versions/A/ServiceManagement
0x0000000003f8b000 	/usr/lib/libxslt.1.dylib
0x0000000003f8b000 	/System/Library/Frameworks/Carbon.framework/Versions/A/Frameworks/Ink.framework/Versions/A/Ink
0x0000000003f8b000 	/System/Library/Frameworks/ApplicationServices.framework/Versions/A/Frameworks/ATS.framework/Versions/A/ATS
0x0000000003f8b000 	/System/Library/Frameworks/ApplicationServices.framework/Versions/A/Frameworks/ColorSync.framework/Versions/A/ColorSync
0x0000000003f8b000 	/System/Library/Frameworks/ApplicationServices.framework/Versions/A/Frameworks/HIServices.framework/Versions/A/HIServices
0x0000000003f8b000 	/System/Library/Frameworks/ApplicationServices.framework/Versions/A/Frameworks/LangAnalysis.framework/Versions/A/LangAnalysis
0x0000000003f8b000 	/System/Library/Frameworks/ApplicationServices.framework/Versions/A/Frameworks/PrintCore.framework/Versions/A/PrintCore
0x0000000003f8b000 	/System/Library/Frameworks/ApplicationServices.framework/Versions/A/Frameworks/QD.framework/Versions/A/QD
0x0000000003f8b000 	/System/Library/Frameworks/ApplicationServices.framework/Versions/A/Frameworks/SpeechSynthesis.framework/Versions/A/SpeechSynthesis
0x0000000003f8b000 	/System/Library/Frameworks/Accelerate.framework/Versions/A/Accelerate
0x0000000003f8b000 	/System/Library/Frameworks/Accelerate.framework/Versions/A/Frameworks/vImage.framework/Versions/A/vImage
0x0000000003f8b000 	/System/Library/Frameworks/Accelerate.framework/Versions/A/Frameworks/vecLib.framework/Versions/A/vecLib
0x0000000003f8b000 	/System/Library/Frameworks/Accelerate.framework/Versions/A/Frameworks/vecLib.framework/Versions/A/libvDSP.dylib
0x0000000003f8b000 	/System/Library/Frameworks/Accelerate.framework/Versions/A/Frameworks/vecLib.framework/Versions/A/libvMisc.dylib
0x0000000003f8b000 	/System/Library/Frameworks/Accelerate.framework/Versions/A/Frameworks/vecLib.framework/Versions/A/libLAPACK.dylib
0x0000000003f8b000 	/System/Library/Frameworks/Accelerate.framework/Versions/A/Frameworks/vecLib.framework/Versions/A/libBLAS.dylib
0x0000000003f8b000 	/System/Library/Frameworks/Accelerate.framework/Versions/A/Frameworks/vecLib.framework/Versions/A/libLinearAlgebra.dylib
0x0000000003f8b000 	/System/Library/Frameworks/ApplicationServices.framework/Versions/A/Frameworks/ATS.framework/Versions/A/Resources/libFontParser.dylib
0x0000000003f8b000 	/System/Library/Frameworks/ApplicationServices.framework/Versions/A/Frameworks/ATS.framework/Versions/A/Resources/libFontRegistry.dylib
0x0000000003f8b000 	/System/Library/PrivateFrameworks/AppleVPA.framework/Versions/A/AppleVPA
0x0000000003f8b000 	/System/Library/PrivateFrameworks/AppleJPEG.framework/Versions/A/AppleJPEG
0x0000000003f8b000 	/System/Library/Frameworks/ImageIO.framework/Versions/A/Resources/libJPEG.dylib
0x0000000003f8b000 	/System/Library/Frameworks/ImageIO.framework/Versions/A/Resources/libTIFF.dylib
0x0000000003f8b000 	/System/Library/Frameworks/ImageIO.framework/Versions/A/Resources/libPng.dylib
0x0000000003f8b000 	/System/Library/Frameworks/ImageIO.framework/Versions/A/Resources/libGIF.dylib
0x0000000003f8b000 	/System/Library/Frameworks/ImageIO.framework/Versions/A/Resources/libJP2.dylib
0x0000000003f8b000 	/System/Library/Frameworks/ImageIO.framework/Versions/A/Resources/libRadiance.dylib
0x0000000003f8b000 	/System/Library/Frameworks/CoreVideo.framework/Versions/A/CoreVideo
0x0000000003f8b000 	/System/Library/Frameworks/OpenGL.framework/Versions/A/Libraries/libGLU.dylib
0x0000000003f8b000 	/System/Library/Frameworks/OpenGL.framework/Versions/A/Libraries/libGFXShared.dylib
0x0000000003f8b000 	/System/Library/Frameworks/OpenGL.framework/Versions/A/Libraries/libGL.dylib
0x0000000003f8b000 	/System/Library/Frameworks/OpenGL.framework/Versions/A/Libraries/libGLImage.dylib
0x0000000003f8b000 	/System/Library/Frameworks/OpenGL.framework/Versions/A/Libraries/libCVMSPluginSupport.dylib
0x0000000003f8b000 	/System/Library/Frameworks/OpenGL.framework/Versions/A/Libraries/libCoreVMClient.dylib
0x0000000003f8b000 	/usr/lib/libcups.2.dylib
0x0000000003f8b000 	/System/Library/Frameworks/Kerberos.framework/Versions/A/Kerberos
0x0000000003f8b000 	/System/Library/Frameworks/GSS.framework/Versions/A/GSS
0x0000000003f8b000 	/usr/lib/libresolv.9.dylib
0x0000000003f8b000 	/System/Library/PrivateFrameworks/Heimdal.framework/Versions/A/Heimdal
0x0000000003f8b000 	/usr/lib/libheimdal-asn1.dylib
0x0000000003f8b000 	/System/Library/Frameworks/OpenDirectory.framework/Versions/A/OpenDirectory
0x0000000003f8b000 	/System/Library/PrivateFrameworks/CommonAuth.framework/Versions/A/CommonAuth
0x0000000003f8b000 	/System/Library/Frameworks/SecurityFoundation.framework/Versions/A/SecurityFoundation
0x0000000003f8b000 	/System/Library/Frameworks/QuartzCore.framework/Versions/A/Frameworks/CoreImage.framework/Versions/A/CoreImage
0x0000000003f8b000 	/System/Library/PrivateFrameworks/CrashReporterSupport.framework/Versions/A/CrashReporterSupport
0x0000000003f8b000 	/System/Library/Frameworks/OpenCL.framework/Versions/A/OpenCL
0x0000000003f8b000 	/System/Library/PrivateFrameworks/FaceCore.framework/Versions/A/FaceCore
0x0000000003f8b000 	/System/Library/PrivateFrameworks/Ubiquity.framework/Versions/A/Ubiquity
0x0000000003f8b000 	/System/Library/PrivateFrameworks/IconServices.framework/Versions/A/IconServices
0x0000000003f8b000 	/System/Library/PrivateFrameworks/ChunkingLibrary.framework/Versions/A/ChunkingLibrary
0x0000000003f8b000 	/System/Library/PrivateFrameworks/Apple80211.framework/Versions/A/Apple80211
0x0000000003f8b000 	/System/Library/Frameworks/CoreWLAN.framework/Versions/A/CoreWLAN
0x0000000003f8b000 	/System/Library/Frameworks/IOBluetooth.framework/Versions/A/IOBluetooth
0x0000000003f8b000 	/System/Library/PrivateFrameworks/CoreWiFi.framework/Versions/A/CoreWiFi
0x0000000003f8b000 	/System/Library/Frameworks/CoreBluetooth.framework/Versions/A/CoreBluetooth
0x0000000003f8b000 	/System/Library/PrivateFrameworks/DebugSymbols.framework/Versions/A/DebugSymbols
0x0000000003f8b000 	/System/Library/PrivateFrameworks/CoreSymbolication.framework/Versions/A/CoreSymbolication
0x0000000003f8b000 	/System/Library/PrivateFrameworks/Symbolication.framework/Versions/A/Symbolication
0x0000000003f8b000 	/System/Library/PrivateFrameworks/SpeechRecognitionCore.framework/Versions/A/SpeechRecognitionCore
0x000000010c1e5000 	/Library/Java/JavaVirtualMachines/jdk1.7.0_45.jdk/Contents/Home/jre/lib/server/libjvm.dylib
0x0000000003f8b000 	/usr/lib/libstdc++.6.dylib
0x000000010cd52000 	/Library/Java/JavaVirtualMachines/jdk1.7.0_45.jdk/Contents/Home/jre/lib/libverify.dylib
0x000000010cd5f000 	/Library/Java/JavaVirtualMachines/jdk1.7.0_45.jdk/Contents/Home/jre/lib/libjava.dylib
0x000000010cd90000 	/Library/Java/JavaVirtualMachines/jdk1.7.0_45.jdk/Contents/Home/jre/lib/libjdwp.dylib
0x000000010cdcd000 	/Library/Java/JavaVirtualMachines/jdk1.7.0_45.jdk/Contents/Home/jre/lib/libnpt.dylib
0x000000010cdda000 	/Library/Java/JavaVirtualMachines/jdk1.7.0_45.jdk/Contents/Home/jre/lib/libzip.dylib
0x000000010cde4000 	/System/Library/Frameworks/JavaVM.framework/Frameworks/JavaRuntimeSupport.framework/JavaRuntimeSupport
0x000000011d1ca000 	/System/Library/Frameworks/JavaVM.framework/Versions/A/Frameworks/JavaNativeFoundation.framework/Versions/A/JavaNativeFoundation
0x000000011d1df000 	/System/Library/Frameworks/JavaVM.framework/Versions/A/JavaVM
0x0000000003f8b000 	/System/Library/Frameworks/Carbon.framework/Versions/A/Carbon
0x000000011d1ec000 	/System/Library/PrivateFrameworks/JavaLaunching.framework/Versions/A/JavaLaunching
0x0000000003f8b000 	/System/Library/Frameworks/Carbon.framework/Versions/A/Frameworks/CommonPanels.framework/Versions/A/CommonPanels
0x0000000003f8b000 	/System/Library/Frameworks/Carbon.framework/Versions/A/Frameworks/Help.framework/Versions/A/Help
0x0000000003f8b000 	/System/Library/Frameworks/Carbon.framework/Versions/A/Frameworks/ImageCapture.framework/Versions/A/ImageCapture
0x0000000003f8b000 	/System/Library/Frameworks/Carbon.framework/Versions/A/Frameworks/OpenScripting.framework/Versions/A/OpenScripting
0x0000000003f8b000 	/System/Library/Frameworks/Carbon.framework/Versions/A/Frameworks/Print.framework/Versions/A/Print
0x0000000003f8b000 	/System/Library/Frameworks/Carbon.framework/Versions/A/Frameworks/SecurityHI.framework/Versions/A/SecurityHI
0x000000011eafd000 	/Library/Java/JavaVirtualMachines/jdk1.7.0_45.jdk/Contents/Home/jre/lib/libdt_socket.dylib
0x000000011f266000 	/Library/Java/JavaVirtualMachines/jdk1.7.0_45.jdk/Contents/Home/jre/lib/libawt.dylib
0x000000011f315000 	/Library/Java/JavaVirtualMachines/jdk1.7.0_45.jdk/Contents/Home/jre/lib/./libmlib_image.dylib
0x000000011f3e1000 	/Library/Java/JavaVirtualMachines/jdk1.7.0_45.jdk/Contents/Home/jre/lib/lwawt/liblwawt.dylib
0x000000011f495000 	/Library/Java/JavaVirtualMachines/jdk1.7.0_45.jdk/Contents/Home/jre/lib/libosxapp.dylib
0x0000000003f8b000 	/System/Library/Frameworks/ExceptionHandling.framework/Versions/A/ExceptionHandling
0x0000000003f8b000 	/System/Library/PrivateFrameworks/CoreServicesInternal.framework/Versions/A/CoreServicesInternal
0x0000000003f8b000 	/System/Library/PrivateFrameworks/CloudDocs.framework/Versions/A/CloudDocs
0x0000000003f8b000 	/System/Library/PrivateFrameworks/CoreDuet.framework/Versions/A/CoreDuet
0x0000000003f8b000 	/System/Library/Frameworks/CloudKit.framework/Versions/A/CloudKit
0x0000000003f8b000 	/System/Library/PrivateFrameworks/ProtocolBuffer.framework/Versions/A/ProtocolBuffer
0x0000000003f8b000 	/System/Library/PrivateFrameworks/CoreDuetDaemonProtocol.framework/Versions/A/CoreDuetDaemonProtocol
0x0000000003f8b000 	/System/Library/PrivateFrameworks/CoreDuetDebugLogging.framework/Versions/A/CoreDuetDebugLogging
0x0000000003f8b000 	/System/Library/Frameworks/CoreLocation.framework/Versions/A/CoreLocation
0x0000000003f8b000 	/System/Library/Frameworks/Accounts.framework/Versions/A/Accounts
0x0000000003f8b000 	/System/Library/PrivateFrameworks/ApplePushService.framework/Versions/A/ApplePushService
0x0000000003f8b000 	/System/Library/PrivateFrameworks/GeoServices.framework/Versions/A/GeoServices
0x0000000003f8b000 	/System/Library/PrivateFrameworks/OAuth.framework/Versions/A/OAuth
0x0000000003f8b000 	/System/Library/PrivateFrameworks/CoreDaemon.framework/Versions/B/CoreDaemon
0x0000000003f8b000 	/usr/lib/libcrypto.0.9.8.dylib
0x0000000003f8b000 	/System/Library/PrivateFrameworks/AppleSRP.framework/Versions/A/AppleSRP
0x0000000003f8b000 	/System/Library/PrivateFrameworks/TrustEvaluationAgent.framework/Versions/A/TrustEvaluationAgent
0x0000000003f8b000 	/System/Library/Frameworks/CoreGraphics.framework/Versions/A/Resources/libCGCMS.A.dylib
0x0000000003f8b000 	/System/Library/Frameworks/CoreGraphics.framework/Versions/A/Resources/libRIP.A.dylib
0x0000000003f8b000 	/System/Library/Frameworks/CoreGraphics.framework/Versions/A/Resources/libCGXType.A.dylib
0x0000000003f8b000 	/System/Library/Frameworks/OpenCL.framework/Versions/A/Libraries/libcldcpuengine.dylib
0x0000000003f8b000 	/System/Library/PrivateFrameworks/DiskImages.framework/Versions/A/DiskImages
0x0000000003f8b000 	/System/Library/Frameworks/DiscRecording.framework/Versions/A/DiscRecording
0x0000000003f8b000 	/usr/lib/libcsfde.dylib
0x0000000003f8b000 	/usr/lib/libcurl.4.dylib
0x0000000003f8b000 	/System/Library/PrivateFrameworks/MediaKit.framework/Versions/A/MediaKit
0x0000000003f8b000 	/System/Library/PrivateFrameworks/ProtectedCloudStorage.framework/Versions/A/ProtectedCloudStorage
0x0000000003f8b000 	/usr/lib/libCoreStorage.dylib
0x0000000003f8b000 	/System/Library/PrivateFrameworks/EFILogin.framework/Versions/A/EFILogin
0x0000000003f8b000 	/usr/lib/libutil.dylib
0x0000000003f8b000 	/System/Library/PrivateFrameworks/FindMyDevice.framework/Versions/A/FindMyDevice
0x0000000003f8b000 	/System/Library/Frameworks/LDAP.framework/Versions/A/LDAP
0x0000000003f8b000 	/usr/lib/libsasl2.2.dylib
0x000000012215b000 	cl_kernels
0x000000012215d000 	/System/Library/Frameworks/OpenCL.framework/Versions/A/Libraries/ImageFormats/unorm8_bgra.dylib
0x000000012214c000 	cl_kernels
0x0000000003f8b000 	/System/Library/PrivateFrameworks/FamilyControls.framework/Versions/A/FamilyControls
0x0000000003f8b000 	/System/Library/PrivateFrameworks/CommerceKit.framework/Versions/A/Frameworks/CommerceCore.framework/Versions/A/CommerceCore
0x0000000003f8b000 	/System/Library/PrivateFrameworks/SystemAdministration.framework/Versions/A/SystemAdministration
0x0000000003f8b000 	/System/Library/PrivateFrameworks/AppContainer.framework/Versions/A/AppContainer
0x0000000003f8b000 	/System/Library/PrivateFrameworks/SecCodeWrapper.framework/Versions/A/SecCodeWrapper
0x0000000003f8b000 	/System/Library/Frameworks/DirectoryService.framework/Versions/A/DirectoryService
0x0000000003f8b000 	/System/Library/PrivateFrameworks/LoginUIKit.framework/Versions/A/Frameworks/LoginUICore.framework/Versions/A/LoginUICore
0x0000000003f8b000 	/usr/lib/libodfde.dylib
0x0000000003f8b000 	/System/Library/Frameworks/OpenGL.framework/Versions/A/Resources/GLEngine.bundle/GLEngine
0x0000000003f8b000 	/System/Library/Frameworks/OpenGL.framework/Versions/A/Libraries/libGLProgrammability.dylib
0x0000000000000000 	/System/Library/Extensions/AppleIntelHD4000GraphicsGLDriver.bundle/Contents/MacOS/AppleIntelHD4000GraphicsGLDriver
0x0000000003f8b000 	/System/Library/PrivateFrameworks/IOAccelerator.framework/Versions/A/IOAccelerator
0x0000000003f8b000 	/System/Library/PrivateFrameworks/GPUSupport.framework/Versions/A/Libraries/libGPUSupportMercury.dylib
0x0000000000000000 	/System/Library/Extensions/GeForceGLDriver.bundle/Contents/MacOS/GeForceGLDriver
0x0000000003f8b000 	/System/Library/Extensions/GeForceGLDriver.bundle/Contents/MacOS/libclh.dylib
0x0000000003f8b000 	/System/Library/Frameworks/OpenGL.framework/Versions/A/Resources/GLRendererFloat.bundle/GLRendererFloat
0x000000012430c000 	/Library/Java/JavaVirtualMachines/jdk1.7.0_45.jdk/Contents/Home/jre/lib/libfontmanager.dylib
0x0000000124370000 	/Library/Java/JavaVirtualMachines/jdk1.7.0_45.jdk/Contents/Home/jre/lib/libosxui.dylib
0x0000000126fc9000 	/Library/Java/JavaVirtualMachines/jdk1.7.0_45.jdk/Contents/Home/jre/lib/libnet.dylib
0x000000012438b000 	/Library/Java/JavaVirtualMachines/jdk1.7.0_45.jdk/Contents/Home/jre/lib/libnio.dylib
0x0000000003f8b000 	/System/Library/Frameworks/ApplicationServices.framework/Versions/A/Frameworks/ATS.framework/Versions/A/Resources/libTrueTypeScaler.dylib

VM Arguments:
jvm_args: -agentlib:jdwp=transport=dt_socket,suspend=y,address=localhost:55490 -Dfile.encoding=US-ASCII 
java_command: poker.ui.GameServer
Launcher Type: SUN_STANDARD

Environment Variables:
PATH=/usr/bin:/bin:/usr/sbin:/sbin
SHELL=/bin/bash
DISPLAY=/private/tmp/com.apple.launchd.xcgTMt4CJK/org.macosforge.xquartz:0

Signal Handlers:
SIGSEGV: [libjvm.dylib+0x525415], sa_mask[0]=0xfffefeff, sa_flags=0x00000043
SIGBUS: [libjvm.dylib+0x525415], sa_mask[0]=0xfffefeff, sa_flags=0x00000042
SIGFPE: [libjvm.dylib+0x41891a], sa_mask[0]=0xfffefeff, sa_flags=0x00000042
SIGPIPE: [libjvm.dylib+0x41891a], sa_mask[0]=0xfffefeff, sa_flags=0x00000042
SIGXFSZ: [libjvm.dylib+0x41891a], sa_mask[0]=0xfffefeff, sa_flags=0x00000042
SIGILL: [libjvm.dylib+0x41891a], sa_mask[0]=0xfffefeff, sa_flags=0x00000042
SIGUSR1: SIG_DFL, sa_mask[0]=0x00000000, sa_flags=0x00000000
SIGUSR2: [libjvm.dylib+0x41840c], sa_mask[0]=0x00000004, sa_flags=0x00000042
SIGHUP: [libjvm.dylib+0x41669b], sa_mask[0]=0xfffefeff, sa_flags=0x00000042
SIGINT: [libjvm.dylib+0x41669b], sa_mask[0]=0xfffefeff, sa_flags=0x00000042
SIGTERM: [libjvm.dylib+0x41669b], sa_mask[0]=0xfffefeff, sa_flags=0x00000042
SIGQUIT: [libjvm.dylib+0x41669b], sa_mask[0]=0xfffefeff, sa_flags=0x00000042


---------------  S Y S T E M  ---------------

OS:Bsduname:Darwin 14.0.0 Darwin Kernel Version 14.0.0: Fri Sep 19 00:26:44 PDT 2014; root:xnu-2782.1.97~2/RELEASE_X86_64 x86_64
rlimit: STACK 8192k, CORE 0k, NPROC 709, NOFILE 10240, AS infinity
load average:7.09 5.49 5.62

CPU:total 8 (4 cores per cpu, 2 threads per core) family 6 model 58 stepping 9, cmov, cx8, fxsr, mmx, sse, sse2, sse3, ssse3, sse4.1, sse4.2, popcnt, avx, aes, erms, ht, tsc, tscinvbit, tscinv

Memory: 4k page, physical 16777216k(4194304k free)

/proc/meminfo:


vm_info: Java HotSpot(TM) 64-Bit Server VM (24.45-b08) for bsd-amd64 JRE (1.7.0_45-b18), built on Oct  8 2013 05:54:16 by "java_re" with gcc 4.2.1 (Based on Apple Inc. build 5658) (LLVM build 2336.11.00)

time: Sat Dec 20 00:37:09 2014
elapsed time: 54 seconds

